<?xml version="1.0" encoding="UTF-8"?>
<!-- Generated by org.testng.reporters.JUnitXMLReporter -->
<testsuite ignored="0" hostname="bharat" failures="0" tests="3" name="Textbox" time="14.859" errors="0" timestamp="2021-05-06T22:08:07 IST">
  <testcase classname="test.Textbox_Test" name="clickOnElements" time="3.106"/>
  <testcase classname="test.Textbox_Test" name="clickOnTextbox" time="1.401"/>
  <testcase classname="test.Textbox_Test" name="filltextbox" time="10.323"/>
</testsuite> <!-- Textbox -->
