<?xml version="1.0" encoding="UTF-8"?>
<!-- Generated by org.testng.reporters.JUnitXMLReporter -->
<testsuite ignored="0" hostname="bharat" failures="0" tests="3" name="Textboxs" time="8.893" errors="0" timestamp="2021-05-02T21:05:54 IST">
  <testcase classname="test.Textbox_Test" name="clickOnElements" time="2.766"/>
  <testcase classname="test.Textbox_Test" name="clickOnTextbox" time="2.049"/>
  <testcase classname="test.Textbox_Test" name="filltextbox" time="4.053"/>
</testsuite> <!-- Textboxs -->
