<?xml version="1.0" encoding="UTF-8"?>
<!-- Generated by org.testng.reporters.JUnitXMLReporter -->
<testsuite ignored="0" hostname="bharat" failures="0" tests="3" name="Default test" time="22.27" errors="0" timestamp="2021-04-26T22:48:13 IST">
  <testcase classname="test.Login_ToolsQA_Test" name="getLaunch_ToolsQA" time="6.727"/>
  <testcase classname="test.Login_ToolsQA_Test" name="clickOnDemosite" time="13.018"/>
  <testcase classname="test.Login_ToolsQA_Test" name="clickOnElements" time="2.404"/>
</testsuite> <!-- Default test -->
