<?xml version="1.0" encoding="UTF-8"?>
<testng-results ignored="0" total="2" passed="2" failed="0" skipped="0">
  <reporter-output>
  </reporter-output>
  <suite started-at="2021-05-11T17:14:04 IST" name="ToolQA" finished-at="2021-05-11T17:14:20 IST" duration-ms="15498">
    <groups>
    </groups>
    <test started-at="2021-05-11T17:14:04 IST" name="LaunchUrl" finished-at="2021-05-11T17:14:20 IST" duration-ms="15498">
      <class name="test.Login_ToolsQA_Test">
        <test-method signature="getLaunch_ToolsQA()[pri:1, instance:test.Login_ToolsQA_Test@65e61854]" started-at="2021-05-11T17:14:04 IST" name="getLaunch_ToolsQA" finished-at="2021-05-11T17:14:12 IST" duration-ms="7312" status="PASS">
          <reporter-output>
          </reporter-output>
        </test-method> <!-- getLaunch_ToolsQA -->
        <test-method signature="clickOnDemosite()[pri:2, instance:test.Login_ToolsQA_Test@65e61854]" started-at="2021-05-11T17:14:12 IST" name="clickOnDemosite" finished-at="2021-05-11T17:14:20 IST" duration-ms="8048" status="PASS">
          <reporter-output>
          </reporter-output>
        </test-method> <!-- clickOnDemosite -->
      </class> <!-- test.Login_ToolsQA_Test -->
    </test> <!-- LaunchUrl -->
  </suite> <!-- ToolQA -->
</testng-results>
